<?xml version="1.0" encoding="UTF-8"?>
<testsuite xmlns:xsi="http://www.w3.org/2001/XMLSchema-instance" xsi:noNamespaceSchemaLocation="https://maven.apache.org/surefire/maven-surefire-plugin/xsd/surefire-test-report.xsd" name="com.nokia.netguard.adapter.test.OfflineSuite" time="50.012" tests="93" errors="0" skipped="0" failures="0">
  <properties>
[...]
</properties>
  <testcase name="deleteResourceOneFailTest[0]" classname="com.nokia.netguard.adapter.test.suite.offline.requests.gs.reconcile.resource.DeleteResourcesRequestHandlerTest" time="1.813"/>
  <testcase name="deleteResourceNotExistingTest[0]" classname="com.nokia.netguard.adapter.test.suite.offline.requests.gs.reconcile.resource.DeleteResourcesRequestHandlerTest" time="0.099"/>
  <testcase name="deleteResourceTest[0]" classname="com.nokia.netguard.adapter.test.suite.offline.requests.gs.reconcile.resource.DeleteResourcesRequestHandlerTest" time="0.097"/>
  <testcase name="deleteNotExistingUserTest[0]" classname="com.nokia.netguard.adapter.test.suite.offline.requests.crud.NESecurityDeleteUserRequestHandlerTest" time="1.323"/>
  <testcase name="deleteUserTest[0]" classname="com.nokia.netguard.adapter.test.suite.offline.requests.crud.NESecurityDeleteUserRequestHandlerTest" time="0.165"/>
  <testcase name="successfulExitCodeTest" classname="com.nokia.netguard.adapter.test.suite.offline.cli.callback.CheckExitCodeTest" time="0"/>
  <testcase name="unsuccessfulExitCodeTest" classname="com.nokia.netguard.adapter.test.suite.offline.cli.callback.CheckExitCodeTest" time="0.081"/>
  <testcase name="shouldCreateInstanceTest" classname="com.nokia.netguard.adapter.test.suite.offline.cli.callback.CheckExitCodeTest" time="0"/>
  <testcase name="resourceRulePathNotExistTest[0]" classname="com.nokia.netguard.adapter.test.suite.offline.requests.gs.reconcile.resource.CreateResourceRequestHandlerTest" time="2.554"/>
  <testcase name="createResourceOneAttrFailTest[0]" classname="com.nokia.netguard.adapter.test.suite.offline.requests.gs.reconcile.resource.CreateResourceRequestHandlerTest" time="0.271"/>
  <testcase name="resourceRuleFileNotExistTest[0]" classname="com.nokia.netguard.adapter.test.suite.offline.requests.gs.reconcile.resource.CreateResourceRequestHandlerTest" time="0.114"/>
  <testcase name="createResourceTest[0]" classname="com.nokia.netguard.adapter.test.suite.offline.requests.gs.reconcile.resource.CreateResourceRequestHandlerTest" time="0.109"/>
  <testcase name="createResourceFirstCommandFailTest[0]" classname="com.nokia.netguard.adapter.test.suite.offline.requests.gs.reconcile.resource.CreateResourceRequestHandlerTest" time="0.213"/>
  <testcase name="test[0]" classname="com.nokia.netguard.adapter.test.suite.offline.requests.sso.KeepaliveRequestHandlerTest" time="2.828"/>
  <testcase name="exitCodeNotCheckedTest" classname="com.nokia.netguard.adapter.test.suite.offline.cli.ExecutionResultTest" time="0"/>
  <testcase name="checkUnsuccessfulExecutionTest" classname="com.nokia.netguard.adapter.test.suite.offline.cli.ExecutionResultTest" time="0.001"/>
  <testcase name="checkSuccessfulExecutionTest" classname="com.nokia.netguard.adapter.test.suite.offline.cli.ExecutionResultTest" time="0"/>
  <testcase name="testFingerPrint[0]" classname="com.nokia.netguard.adapter.test.suite.offline.requests.sso.FingerprintRequestHandlerTest" time="2.01"/>
  <testcase name="verifyIfOutputMatchesPatternTest" classname="com.nokia.netguard.adapter.test.suite.offline.cli.callback.MatchOutputTest" time="0"/>
  <testcase name="defaultPatternFlagsTest" classname="com.nokia.netguard.adapter.test.suite.offline.cli.callback.MatchOutputTest" time="0"/>
  <testcase name="customPatternFlagsTest" classname="com.nokia.netguard.adapter.test.suite.offline.cli.callback.MatchOutputTest" time="0"/>
  <testcase name="shouldCreateInstanceTest" classname="com.nokia.netguard.adapter.test.suite.offline.cli.callback.MatchOutputTest" time="0"/>
  <testcase name="throwWhenOutputDoesntMatchPatternTest" classname="com.nokia.netguard.adapter.test.suite.offline.cli.callback.MatchOutputTest" time="0"/>
  <testcase name="createExistingUserTest[0]" classname="com.nokia.netguard.adapter.test.suite.offline.requests.crud.NESecurityCreateUserRequestHandlerTest" time="2.038"/>
  <testcase name="provideMismatchedPasswordsTest[0]" classname="com.nokia.netguard.adapter.test.suite.offline.requests.crud.NESecurityCreateUserRequestHandlerTest" time="0.152"/>
  <testcase name="createUserTest[0]" classname="com.nokia.netguard.adapter.test.suite.offline.requests.crud.NESecurityCreateUserRequestHandlerTest" time="0.198"/>
  <testcase name="createAttributeTest[0]" classname="com.nokia.netguard.adapter.test.suite.offline.requests.gs.reconcile.attribute.CreateResourcesRawAttributesRequestHandlerTest" time="1.482"/>
  <testcase name="attrRulePathNotExistTest[0]" classname="com.nokia.netguard.adapter.test.suite.offline.requests.gs.reconcile.attribute.CreateResourcesRawAttributesRequestHandlerTest" time="0.07"/>
  <testcase name="createNotExistingResourceTest[0]" classname="com.nokia.netguard.adapter.test.suite.offline.requests.gs.reconcile.attribute.CreateResourcesRawAttributesRequestHandlerTest" time="0.063"/>
  <testcase name="attrRuleFileNotExistTest[0]" classname="com.nokia.netguard.adapter.test.suite.offline.requests.gs.reconcile.attribute.CreateResourcesRawAttributesRequestHandlerTest" time="0.061"/>
  <testcase name="createNotExistingAttributeTest[0]" classname="com.nokia.netguard.adapter.test.suite.offline.requests.gs.reconcile.attribute.CreateResourcesRawAttributesRequestHandlerTest" time="0.071"/>
  <testcase name="SV_86701r1_test[0]" classname="com.nokia.netguard.adapter.test.suite.offline.requests.gs.reconcile.attribute.DeleteResourcesRawAttributesRequestHandlerTest" time="1.601"/>
  <testcase name="SV_86701r1_testFail[0]" classname="com.nokia.netguard.adapter.test.suite.offline.requests.gs.reconcile.attribute.DeleteResourcesRawAttributesRequestHandlerTest" time="0.1"/>
  <testcase name="provideMismatchedPasswordsTest[0]" classname="com.nokia.netguard.adapter.test.suite.offline.requests.crud.NESecurityEditMyPasswordRequestHandlerTest" time="1.815"/>
  <testcase name="editMyPasswordTest[0]" classname="com.nokia.netguard.adapter.test.suite.offline.requests.crud.NESecurityEditMyPasswordRequestHandlerTest" time="0.118"/>
  <testcase name="provideInvalidCurrentPasswordTest[0]" classname="com.nokia.netguard.adapter.test.suite.offline.requests.crud.NESecurityEditMyPasswordRequestHandlerTest" time="0.102"/>
  <testcase name="switchUserTest[0]" classname="com.nokia.netguard.adapter.test.suite.offline.requests.pe.NESecurityEscalatePrivilegeRequestHandlerTest" time="1.447"/>
  <testcase name="escalatePrivilegeWrongPasswordTest[0]" classname="com.nokia.netguard.adapter.test.suite.offline.requests.pe.NESecurityEscalatePrivilegeRequestHandlerTest" time="0.072"/>
  <testcase name="escalatePrivilegeTest[0]" classname="com.nokia.netguard.adapter.test.suite.offline.requests.pe.NESecurityEscalatePrivilegeRequestHandlerTest" time="0.081"/>
  <testcase name="switchUserWrongPasswordTest[0]" classname="com.nokia.netguard.adapter.test.suite.offline.requests.pe.NESecurityEscalatePrivilegeRequestHandlerTest" time="0.102"/>
  <testcase name="escalatePrivilegeForTheDurationOfACommandTest[0]" classname="com.nokia.netguard.adapter.test.suite.offline.requests.pe.NESecurityEscalatePrivilegeRequestHandlerTest" time="0.062"/>
  <testcase name="loginTest[0]" classname="com.nokia.netguard.adapter.test.suite.offline.requests.sso.LoginRequestHandlerTest" time="1.392"/>
  <testcase name="changePromptTest[0]" classname="com.nokia.netguard.adapter.test.suite.offline.requests.sso.LoginRequestHandlerTest" time="0.101"/>
  <testcase name="verifyIfOutputContainsExpectedOutputTest" classname="com.nokia.netguard.adapter.test.suite.offline.cli.callback.VerifyOutputTest" time="0"/>
  <testcase name="throwWhenOutputDoesntContainExpectedOutputTest" classname="com.nokia.netguard.adapter.test.suite.offline.cli.callback.VerifyOutputTest" time="0.001"/>
  <testcase name="throwWhenOutputContainsErrorTest" classname="com.nokia.netguard.adapter.test.suite.offline.cli.callback.VerifyOutputTest" time="0.001"/>
  <testcase name="shouldCreateInstanceTest" classname="com.nokia.netguard.adapter.test.suite.offline.cli.callback.VerifyOutputTest" time="0"/>
  <testcase name="verifyIfOutputDoesntContainErrorsTest" classname="com.nokia.netguard.adapter.test.suite.offline.cli.callback.VerifyOutputTest" time="0"/>
  <testcase name="singleResourceIdNullTest[0]" classname="com.nokia.netguard.adapter.test.suite.offline.requests.gs.reconcile.command.CommandResourceRequestHandlerTest" time="1.968"/>
  <testcase name="singleCommandFailTest[0]" classname="com.nokia.netguard.adapter.test.suite.offline.requests.gs.reconcile.command.CommandResourceRequestHandlerTest" time="0.092"/>
  <testcase name="singleCommandSuccessTest[0]" classname="com.nokia.netguard.adapter.test.suite.offline.requests.gs.reconcile.command.CommandResourceRequestHandlerTest" time="0.075"/>
  <testcase name="singleCommandNullTest[0]" classname="com.nokia.netguard.adapter.test.suite.offline.requests.gs.reconcile.command.CommandResourceRequestHandlerTest" time="0.129"/>
  <testcase name="escalateCommandWithPasswordTest" classname="com.nokia.netguard.adapter.test.suite.offline.cli.CommandTest" time="0"/>
  <testcase name="createCommandWithArgumentsTest" classname="com.nokia.netguard.adapter.test.suite.offline.cli.CommandTest" time="0.004"/>
  <testcase name="promptConcatenationTest" classname="com.nokia.netguard.adapter.test.suite.offline.cli.CommandTest" time="0.001"/>
  <testcase name="addMultipleCallbacksTest" classname="com.nokia.netguard.adapter.test.suite.offline.cli.CommandTest" time="0.002"/>
  <testcase name="createCommandTest" classname="com.nokia.netguard.adapter.test.suite.offline.cli.CommandTest" time="0"/>
  <testcase name="setNullOrEmptyPromptTest" classname="com.nokia.netguard.adapter.test.suite.offline.cli.CommandTest" time="0"/>
  <testcase name="createEmptyCommandTest" classname="com.nokia.netguard.adapter.test.suite.offline.cli.CommandTest" time="0"/>
  <testcase name="executeInteractiveCommandTest" classname="com.nokia.netguard.adapter.test.suite.offline.cli.ExecutorTest" time="1.251"/>
  <testcase name="executeSudoCommandTest" classname="com.nokia.netguard.adapter.test.suite.offline.cli.ExecutorTest" time="0.01"/>
  <testcase name="invalidExitCodeStringTest" classname="com.nokia.netguard.adapter.test.suite.offline.cli.ExecutorTest" time="0.02"/>
  <testcase name="executeNullCommandTest" classname="com.nokia.netguard.adapter.test.suite.offline.cli.ExecutorTest" time="0.003"/>
  <testcase name="useCustomCommandNameTest" classname="com.nokia.netguard.adapter.test.suite.offline.cli.ExecutorTest" time="0.027"/>
  <testcase name="executeCommandWithNullStringTest" classname="com.nokia.netguard.adapter.test.suite.offline.cli.ExecutorTest" time="0.003"/>
  <testcase name="executeMaskedCommandTest" classname="com.nokia.netguard.adapter.test.suite.offline.cli.ExecutorTest" time="0.003"/>
  <testcase name="executeCommandTest" classname="com.nokia.netguard.adapter.test.suite.offline.cli.ExecutorTest" time="0.004"/>
  <testcase name="executeNewLineEndedCommandTest" classname="com.nokia.netguard.adapter.test.suite.offline.cli.ExecutorTest" time="0.004"/>
  <testcase name="executeNullInteractiveCommandTest" classname="com.nokia.netguard.adapter.test.suite.offline.cli.ExecutorTest" time="0.002"/>
  <testcase name="callMultipleCallbacksInProperOrderTest" classname="com.nokia.netguard.adapter.test.suite.offline.cli.ExecutorTest" time="0.005"/>
  <testcase name="incompleteOutputForExitCodeRetrievalTest" classname="com.nokia.netguard.adapter.test.suite.offline.cli.ExecutorTest" time="0.005"/>
  <testcase name="retrieveExitCodeOfExecutedCommandTest" classname="com.nokia.netguard.adapter.test.suite.offline.cli.ExecutorTest" time="0.021"/>
  <testcase name="executeEmptyInteractiveCommandTest" classname="com.nokia.netguard.adapter.test.suite.offline.cli.ExecutorTest" time="0.002"/>
  <testcase name="executeSudoCommandWithNullPasswordTest" classname="com.nokia.netguard.adapter.test.suite.offline.cli.ExecutorTest" time="0.01"/>
  <testcase name="correctFileTest" classname="com.nokia.netguard.adapter.test.suite.offline.requests.gs.data.collecting.CSVReaderTest" time="0.007"/>
  <testcase name="wrongPathTest" classname="com.nokia.netguard.adapter.test.suite.offline.requests.gs.data.collecting.CSVReaderTest" time="0.009"/>
  <testcase name="wrongFileNameTest" classname="com.nokia.netguard.adapter.test.suite.offline.requests.gs.data.collecting.CSVReaderTest" time="0"/>
  <testcase name="retrivalTest[0]" classname="com.nokia.netguard.adapter.test.suite.offline.requests.gs.resource.retrieval.RetrieveResourceRawAttributesRequestHandlerTest" time="2.363"/>
  <testcase name="attrNameNullTest[0]" classname="com.nokia.netguard.adapter.test.suite.offline.requests.gs.reconcile.command.CommandResourceRawAttributeRequestHandlerTest" time="1.818"/>
  <testcase name="attrValNullTest[0]" classname="com.nokia.netguard.adapter.test.suite.offline.requests.gs.reconcile.command.CommandResourceRawAttributeRequestHandlerTest" time="0.069"/>
  <testcase name="commandCallFailTest[0]" classname="com.nokia.netguard.adapter.test.suite.offline.requests.gs.reconcile.command.CommandResourceRawAttributeRequestHandlerTest" time="0.08"/>
  <testcase name="commandCallWithAttrTest[0]" classname="com.nokia.netguard.adapter.test.suite.offline.requests.gs.reconcile.command.CommandResourceRawAttributeRequestHandlerTest" time="0.105"/>
  <testcase name="commandCallTest[0]" classname="com.nokia.netguard.adapter.test.suite.offline.requests.gs.reconcile.command.CommandResourceRawAttributeRequestHandlerTest" time="0.07"/>
  <testcase name="resourceIdNullTest[0]" classname="com.nokia.netguard.adapter.test.suite.offline.requests.gs.reconcile.command.CommandResourceRawAttributeRequestHandlerTest" time="0.074"/>
  <testcase name="commandNullTest[0]" classname="com.nokia.netguard.adapter.test.suite.offline.requests.gs.reconcile.command.CommandResourceRawAttributeRequestHandlerTest" time="0.069"/>
  <testcase name="addMultipleCallbacksTest" classname="com.nokia.netguard.adapter.test.suite.offline.cli.InteractiveCommandTest" time="0.001"/>
  <testcase name="userNotExistTest[0]" classname="com.nokia.netguard.adapter.test.suite.offline.requests.crud.NESecurityEditUserRequestHandlerTest" time="1.539"/>
  <testcase name="editUserTest[0]" classname="com.nokia.netguard.adapter.test.suite.offline.requests.crud.NESecurityEditUserRequestHandlerTest" time="0.114"/>
  <testcase name="provideMismatchedPasswordsTest[0]" classname="com.nokia.netguard.adapter.test.suite.offline.requests.crud.NESecurityEditUserRequestHandlerTest" time="0.111"/>
  <testcase name="changePasswordOfNotExistingUserTest[0]" classname="com.nokia.netguard.adapter.test.suite.offline.requests.crud.NESecurityEditUserRequestHandlerTest" time="0.107"/>
  <testcase name="setEmptyPasswordsAttributeTest[0]" classname="com.nokia.netguard.adapter.test.suite.offline.requests.gs.reconcile.attribute.EditResourceRawAttributesRequestHandlerTest" time="1.548"/>
  <testcase name="setEmptyPasswordsAttributeTestNotExistingResource[0]" classname="com.nokia.netguard.adapter.test.suite.offline.requests.gs.reconcile.attribute.EditResourceRawAttributesRequestHandlerTest" time="0.068"/>
  <testcase name="setEmptyPasswordsResourceTestNotExistingResource[0]" classname="com.nokia.netguard.adapter.test.suite.offline.requests.gs.reconcile.attribute.EditResourceRawAttributesRequestHandlerTest" time="0.067"/>
</testsuite>